<?xml version="1.0" encoding="UTF-8"?>
<!-- Generated by org.testng.reporters.JUnitReportReporter -->
<testsuite hostname="NARASIMHA" failures="0" tests="1" name="api.testcases.UpdateUsr" time="0.641" errors="0" timestamp="16 Aug 2023 16:12:12 GMT" skipped="0">
  <testcase classname="api.testcases.UpdateUsr" name="updateUsr" time="0.641"/>
</testsuite> <!-- api.testcases.UpdateUsr -->
