<?xml version="1.0" encoding="UTF-8"?>
<!-- Generated by org.testng.reporters.JUnitReportReporter -->
<testsuite hostname="NARASIMHA" failures="0" tests="1" name="api.testcases.CreateUsr" time="4.816" errors="0" timestamp="16 Aug 2023 16:12:12 GMT" skipped="0">
  <testcase classname="api.testcases.CreateUsr" name="createUsr" time="4.816"/>
</testsuite> <!-- api.testcases.CreateUsr -->
