<?xml version="1.0" encoding="UTF-8"?>
<!-- Generated by org.testng.reporters.JUnitReportReporter -->
<testsuite hostname="NARASIMHA" failures="0" tests="3" name="api.testcases.ReadUsr" time="1.571" errors="0" timestamp="16 Aug 2023 16:12:12 GMT" skipped="0">
  <testcase classname="api.testcases.ReadUsr" name="userDetailsbyID" time="0.518"/>
  <testcase classname="api.testcases.ReadUsr" name="getFirstnameEmail" time="0.536"/>
  <testcase classname="api.testcases.ReadUsr" name="validateResponse" time="0.517"/>
</testsuite> <!-- api.testcases.ReadUsr -->
